<?xml version="1.0" encoding="UTF-8"?>
<!-- Generated by org.testng.reporters.JUnitReportReporter -->
<testsuite skipped="0" hostname="DESKTOP-3H2NKNV" name="test.Testcustomer" tests="1" failures="0" timestamp="03 Feb 2020 15:06:43 GMT" time="40.567" errors="0">
  <testcase name="cus" time="40.567" classname="test.Testcustomer"/>
</testsuite> <!-- test.Testcustomer -->
