<?xml version="1.0" encoding="UTF-8"?>
<!-- Generated by org.testng.reporters.JUnitReportReporter -->
<testsuite skipped="0" hostname="DESKTOP-3H2NKNV" name="test.Testwork" tests="1" failures="0" timestamp="03 Feb 2020 15:06:43 GMT" time="44.905" errors="0">
  <testcase name="workon" time="44.905" classname="test.Testwork"/>
</testsuite> <!-- test.Testwork -->
